Performing C SOURCE FILE Test CMAKE_HAVE_LIBC_PTHREAD failed with the following output:
Change Dir: /mnt/hgfs/shared/newGEANT/build/CMakeFiles/CMakeTmp

Run Build Command(s):/bin/gmake cmTC_048aa/fast && /bin/gmake  -f CMakeFiles/cmTC_048aa.dir/build.make CMakeFiles/cmTC_048aa.dir/build
gmake[1]: Entering directory '/mnt/hgfs/shared/newGEANT/build/CMakeFiles/CMakeTmp'
Building C object CMakeFiles/cmTC_048aa.dir/src.c.o
/bin/cc   -DCMAKE_HAVE_LIBC_PTHREAD -o CMakeFiles/cmTC_048aa.dir/src.c.o -c /mnt/hgfs/shared/newGEANT/build/CMakeFiles/CMakeTmp/src.c
Linking C executable cmTC_048aa
/usr/bin/cmake -E cmake_link_script CMakeFiles/cmTC_048aa.dir/link.txt --verbose=1
/bin/cc  -DCMAKE_HAVE_LIBC_PTHREAD CMakeFiles/cmTC_048aa.dir/src.c.o -o cmTC_048aa 
CMakeFiles/cmTC_048aa.dir/src.c.o: In function `main':
src.c:(.text+0x2d): undefined reference to `pthread_create'
src.c:(.text+0x39): undefined reference to `pthread_detach'
src.c:(.text+0x45): undefined reference to `pthread_cancel'
src.c:(.text+0x56): undefined reference to `pthread_join'
collect2: error: ld returned 1 exit status
gmake[1]: *** [CMakeFiles/cmTC_048aa.dir/build.make:106: cmTC_048aa] Error 1
gmake[1]: Leaving directory '/mnt/hgfs/shared/newGEANT/build/CMakeFiles/CMakeTmp'
gmake: *** [Makefile:140: cmTC_048aa/fast] Error 2


Source file was:
#include <pthread.h>

void* test_func(void* data)
{
  return data;
}

int main(void)
{
  pthread_t thread;
  pthread_create(&thread, NULL, test_func, NULL);
  pthread_detach(thread);
  pthread_cancel(thread);
  pthread_join(thread, NULL);
  pthread_atfork(NULL, NULL, NULL);
  pthread_exit(NULL);

  return 0;
}

